Arguments: 
  /home/tiagonapoli/.nvm/versions/node/v12.12.0/bin/node /usr/share/yarn/bin/yarn.js add wtnode

PATH: 
  /home/tiagonapoli/.nvm/versions/node/v12.12.0/bin:/usr/local/sbin:/usr/local/bin:/usr/sbin:/usr/bin:/sbin:/bin:/usr/games:/usr/local/games:/snap/bin:/home/tiagonapoli/Documents/go-workspace/bin:/home/tiagonapoli/.yarn/bin

Yarn version: 
  1.19.1

Node version: 
  12.12.0

Platform: 
  linux x64

Trace: 
  Error: https://registry.yarnpkg.com/wtnode: Not found
      at Request.params.callback [as _callback] (/usr/share/yarn/lib/cli.js:66926:18)
      at Request.self.callback (/usr/share/yarn/lib/cli.js:140564:22)
      at Request.emit (events.js:210:5)
      at Request.<anonymous> (/usr/share/yarn/lib/cli.js:141536:10)
      at Request.emit (events.js:210:5)
      at IncomingMessage.<anonymous> (/usr/share/yarn/lib/cli.js:141458:12)
      at Object.onceWrapper (events.js:299:28)
      at IncomingMessage.emit (events.js:215:7)
      at endReadableNT (_stream_readable.js:1183:12)
      at processTicksAndRejections (internal/process/task_queues.js:80:21)

npm manifest: 
  {
    "dependencies": {
      "postinstall-postinstall": "^2.0.0"
    },
    "devDependencies": {},
    "scripts": {
      "clean": "rm -rf ./generated/ ./graphql.schema.json",
      "start": "node index.js",
      "postinstall": "echo 'postinstall'",
      "postuninstall": "echo 'postuninstall",
      "prepare": "echo 'prepare'"
    }
  }

yarn manifest: 
  No manifest

Lockfile: 
  # THIS IS AN AUTOGENERATED FILE. DO NOT EDIT THIS FILE DIRECTLY.
  # yarn lockfile v1
  
  
  postinstall-postinstall@^2.0.0:
    version "2.0.0"
    resolved "https://registry.yarnpkg.com/postinstall-postinstall/-/postinstall-postinstall-2.0.0.tgz#7ba6711b4420575c4f561638836a81faad47f43f"
    integrity sha512-3f6qWexsHiT4WKtZc5DRb0FPLilHtARi5KpY4fqban/DJNn8/YhZH8U7dVKVz51WbOxEnR31gV+qYQhvEdHtdQ==
